<?xml version="1.0" encoding="UTF-8"?>
<!-- Generated by org.testng.reporters.JUnitReportReporter -->
<testsuite hostname="DESKTOP-U1MUJFT" failures="0" tests="1" name="com.saucedemo.TestPack.TC03_VerifyBagProductAddToCartFunctionality" time="9.092" errors="0" timestamp="2023-03-07T22:37:07 IST" skipped="0">
  <testcase classname="com.saucedemo.TestPack.TC03_VerifyBagProductAddToCartFunctionality" name="verifyBagProductAddToCartFunctionality" time="9.092"/>
  <system-out/>
</testsuite> <!-- com.saucedemo.TestPack.TC03_VerifyBagProductAddToCartFunctionality -->
